# JRE version: OpenJDK Runtime Environment (8.0_242-b01) (build 1.8.0_242-release-1644-b01)
# Java VM: OpenJDK 64-Bit Server VM (25.242-b01 mixed mode windows-amd64 compressed oops)
Heap:
 PSYoungGen      total 125952K, used 59252K [0x00000000d5580000, 0x00000000deb00000, 0x0000000100000000)
  eden space 117760K, 50% used [0x00000000d5580000,0x00000000d8f5d3a0,0x00000000dc880000)
  from space 8192K, 0% used [0x00000000de300000,0x00000000de300000,0x00000000deb00000)
  to   space 13312K, 0% used [0x00000000dd100000,0x00000000dd100000,0x00000000dde00000)
 ParOldGen       total 54272K, used 30421K [0x0000000080000000, 0x0000000083500000, 0x00000000d5580000)
  object space 54272K, 56% used [0x0000000080000000,0x0000000081db54e8,0x0000000083500000)
 Metaspace       used 59906K, capacity 62464K, committed 62632K, reserved 1103872K
  class space    used 8300K, capacity 8839K, committed 8880K, reserved 1048576K
GC Heap History (10 events):
Event: 8.211 GC heap before
{Heap before GC invocations=9 (full 2):
 PSYoungGen      total 131072K, used 11621K [0x00000000d5580000, 0x00000000deb00000, 0x0000000100000000)
  eden space 117760K, 0% used [0x00000000d5580000,0x00000000d5580000,0x00000000dc880000)
  from space 13312K, 87% used [0x00000000dd100000,0x00000000ddc59480,0x00000000dde00000)
  to   space 8192K, 0% used [0x00000000de300000,0x00000000de300000,0x00000000deb00000)
 ParOldGen       total 54272K, used 7253K [0x0000000080000000, 0x0000000083500000, 0x00000000d5580000)
  object space 54272K, 13% used [0x0000000080000000,0x00000000807157a0,0x0000000083500000)
 Metaspace       used 34553K, capacity 35442K, committed 35496K, reserved 1079296K
  class space    used 4741K, capacity 5006K, committed 5040K, reserved 1048576K
Event: 8.323 GC heap after
Heap after GC invocations=9 (full 2):
 PSYoungGen      total 131072K, used 0K [0x00000000d5580000, 0x00000000deb00000, 0x0000000100000000)
  eden space 117760K, 0% used [0x00000000d5580000,0x00000000d5580000,0x00000000dc880000)
  from space 13312K, 0% used [0x00000000dd100000,0x00000000dd100000,0x00000000dde00000)
  to   space 8192K, 0% used [0x00000000de300000,0x00000000de300000,0x00000000deb00000)
 ParOldGen       total 54272K, used 18216K [0x0000000080000000, 0x0000000083500000, 0x00000000d5580000)
  object space 54272K, 33% used [0x0000000080000000,0x00000000811ca338,0x0000000083500000)
 Metaspace       used 34553K, capacity 35442K, committed 35496K, reserved 1079296K
  class space    used 4741K, capacity 5006K, committed 5040K, reserved 1048576K
}
Event: 14.266 GC heap before
{Heap before GC invocations=10 (full 2):
 PSYoungGen      total 131072K, used 117760K [0x00000000d5580000, 0x00000000deb00000, 0x0000000100000000)
  eden space 117760K, 100% used [0x00000000d5580000,0x00000000dc880000,0x00000000dc880000)
  from space 13312K, 0% used [0x00000000dd100000,0x00000000dd100000,0x00000000dde00000)
  to   space 8192K, 0% used [0x00000000de300000,0x00000000de300000,0x00000000deb00000)
 ParOldGen       total 54272K, used 18216K [0x0000000080000000, 0x0000000083500000, 0x00000000d5580000)
  object space 54272K, 33% used [0x0000000080000000,0x00000000811ca338,0x0000000083500000)
 Metaspace       used 44491K, capacity 45976K, committed 46120K, reserved 1089536K
  class space    used 6022K, capacity 6388K, committed 6448K, reserved 1048576K
Event: 14.288 GC heap after
Heap after GC invocations=10 (full 2):
 PSYoungGen      total 125952K, used 8189K [0x00000000d5580000, 0x00000000deb00000, 0x0000000100000000)
  eden space 117760K, 0% used [0x00000000d5580000,0x00000000d5580000,0x00000000dc880000)
  from space 8192K, 99% used [0x00000000de300000,0x00000000deaff7f0,0x00000000deb00000)
  to   space 13312K, 0% used [0x00000000dd100000,0x00000000dd100000,0x00000000dde00000)
 ParOldGen       total 54272K, used 25545K [0x0000000080000000, 0x0000000083500000, 0x00000000d5580000)
  object space 54272K, 47% used [0x0000000080000000,0x00000000818f26b8,0x0000000083500000)
 Metaspace       used 44491K, capacity 45976K, committed 46120K, reserved 1089536K
  class space    used 6022K, capacity 6388K, committed 6448K, reserved 1048576K
}
Event: 16.322 GC heap before
{Heap before GC invocations=11 (full 2):
 PSYoungGen      total 125952K, used 125949K [0x00000000d5580000, 0x00000000deb00000, 0x0000000100000000)
  eden space 117760K, 100% used [0x00000000d5580000,0x00000000dc880000,0x00000000dc880000)
  from space 8192K, 99% used [0x00000000de300000,0x00000000deaff7f0,0x00000000deb00000)
  to   space 13312K, 0% used [0x00000000dd100000,0x00000000dd100000,0x00000000dde00000)
 ParOldGen       total 54272K, used 25545K [0x0000000080000000, 0x0000000083500000, 0x00000000d5580000)
  object space 54272K, 47% used [0x0000000080000000,0x00000000818f26b8,0x0000000083500000)
 Metaspace       used 54469K, capacity 56456K, committed 56616K, reserved 1097728K
  class space    used 7422K, capacity 7877K, committed 7984K, reserved 1048576K
Event: 16.345 GC heap after
Heap after GC invocations=11 (full 2):
 PSYoungGen      total 131072K, used 13303K [0x00000000d5580000, 0x00000000deb00000, 0x0000000100000000)
  eden space 117760K, 0% used [0x00000000d5580000,0x00000000d5580000,0x00000000dc880000)
  from space 13312K, 99% used [0x00000000dd100000,0x00000000dddfdf70,0x00000000dde00000)
  to   space 8192K, 0% used [0x00000000de300000,0x00000000de300000,0x00000000deb00000)
 ParOldGen       total 54272K, used 34520K [0x0000000080000000, 0x0000000083500000, 0x00000000d5580000)
  object space 54272K, 63% used [0x0000000080000000,0x00000000821b63c0,0x0000000083500000)
 Metaspace       used 54469K, capacity 56456K, committed 56616K, reserved 1097728K
  class space    used 7422K, capacity 7877K, committed 7984K, reserved 1048576K
}
Event: 16.857 GC heap before
{Heap before GC invocations=12 (full 2):
 PSYoungGen      total 131072K, used 46501K [0x00000000d5580000, 0x00000000deb00000, 0x0000000100000000)
  eden space 117760K, 28% used [0x00000000d5580000,0x00000000d75eb590,0x00000000dc880000)
  from space 13312K, 99% used [0x00000000dd100000,0x00000000dddfdf70,0x00000000dde00000)
  to   space 8192K, 0% used [0x00000000de300000,0x00000000de300000,0x00000000deb00000)
 ParOldGen       total 54272K, used 34520K [0x0000000080000000, 0x0000000083500000, 0x00000000d5580000)
  object space 54272K, 63% used [0x0000000080000000,0x00000000821b63c0,0x0000000083500000)
 Metaspace       used 56972K, capacity 59038K, committed 59160K, reserved 1099776K
  class space    used 7824K, capacity 8286K, committed 8368K, reserved 1048576K
Event: 16.880 GC heap after
Heap after GC invocations=12 (full 2):
 PSYoungGen      total 125952K, used 8168K [0x00000000d5580000, 0x00000000deb00000, 0x0000000100000000)
  eden space 117760K, 0% used [0x00000000d5580000,0x00000000d5580000,0x00000000dc880000)
  from space 8192K, 99% used [0x00000000de300000,0x00000000deafa020,0x00000000deb00000)
  to   space 13312K, 0% used [0x00000000dd100000,0x00000000dd100000,0x00000000dde00000)
 ParOldGen       total 54272K, used 42828K [0x0000000080000000, 0x0000000083500000, 0x00000000d5580000)
  object space 54272K, 78% used [0x0000000080000000,0x00000000829d3148,0x0000000083500000)
 Metaspace       used 56972K, capacity 59038K, committed 59160K, reserved 1099776K
  class space    used 7824K, capacity 8286K, committed 8368K, reserved 1048576K
}
Event: 16.880 GC heap before
{Heap before GC invocations=13 (full 3):
 PSYoungGen      total 125952K, used 8168K [0x00000000d5580000, 0x00000000deb00000, 0x0000000100000000)
  eden space 117760K, 0% used [0x00000000d5580000,0x00000000d5580000,0x00000000dc880000)
  from space 8192K, 99% used [0x00000000de300000,0x00000000deafa020,0x00000000deb00000)
  to   space 13312K, 0% used [0x00000000dd100000,0x00000000dd100000,0x00000000dde00000)
 ParOldGen       total 54272K, used 42828K [0x0000000080000000, 0x0000000083500000, 0x00000000d5580000)
  object space 54272K, 78% used [0x0000000080000000,0x00000000829d3148,0x0000000083500000)
 Metaspace       used 56972K, capacity 59038K, committed 59160K, reserved 1099776K
  class space    used 7824K, capacity 8286K, committed 8368K, reserved 1048576K
Event: 17.123 GC heap after
Heap after GC invocations=13 (full 3):
 PSYoungGen      total 125952K, used 0K [0x00000000d5580000, 0x00000000deb00000, 0x0000000100000000)
  eden space 117760K, 0% used [0x00000000d5580000,0x00000000d5580000,0x00000000dc880000)
  from space 8192K, 0% used [0x00000000de300000,0x00000000de300000,0x00000000deb00000)
  to   space 13312K, 0% used [0x00000000dd100000,0x00000000dd100000,0x00000000dde00000)
 ParOldGen       total 54272K, used 30421K [0x0000000080000000, 0x0000000083500000, 0x00000000d5580000)
  object space 54272K, 56% used [0x0000000080000000,0x0000000081db54e8,0x0000000083500000)
 Metaspace       used 56961K, capacity 59002K, committed 59160K, reserved 1099776K
  class space    used 7821K, capacity 8280K, committed 8368K, reserved 1048576K
}

