# JRE version: OpenJDK Runtime Environment (8.0_242-b01) (build 1.8.0_242-release-1644-b01)
# Java VM: OpenJDK 64-Bit Server VM (25.242-b01 mixed mode windows-amd64 compressed oops)
Heap:
 PSYoungGen      total 75776K, used 41885K [0x00000000d5580000, 0x00000000dd280000, 0x0000000100000000)
  eden space 64512K, 52% used [0x00000000d5580000,0x00000000d76c0e60,0x00000000d9480000)
  from space 11264K, 69% used [0x00000000d9480000,0x00000000d9c267e8,0x00000000d9f80000)
  to   space 11264K, 0% used [0x00000000dc780000,0x00000000dc780000,0x00000000dd280000)
 ParOldGen       total 57856K, used 9568K [0x0000000080000000, 0x0000000083880000, 0x00000000d5580000)
  object space 57856K, 16% used [0x0000000080000000,0x0000000080958128,0x0000000083880000)
 Metaspace       used 30761K, capacity 31610K, committed 31792K, reserved 1077248K
  class space    used 4135K, capacity 4374K, committed 4400K, reserved 1048576K
GC Heap History (10 events):
Event: 4.990 GC heap before
{Heap before GC invocations=4 (full 0):
 PSYoungGen      total 37888K, used 37865K [0x00000000d5580000, 0x00000000d7f80000, 0x0000000100000000)
  eden space 32768K, 100% used [0x00000000d5580000,0x00000000d7580000,0x00000000d7580000)
  from space 5120K, 99% used [0x00000000d7580000,0x00000000d7a7a610,0x00000000d7a80000)
  to   space 5120K, 0% used [0x00000000d7a80000,0x00000000d7a80000,0x00000000d7f80000)
 ParOldGen       total 86016K, used 1363K [0x0000000080000000, 0x0000000085400000, 0x00000000d5580000)
  object space 86016K, 1% used [0x0000000080000000,0x0000000080154e38,0x0000000085400000)
 Metaspace       used 15340K, capacity 15832K, committed 16128K, reserved 1062912K
  class space    used 2046K, capacity 2222K, committed 2304K, reserved 1048576K
Event: 4.998 GC heap after
Heap after GC invocations=4 (full 0):
 PSYoungGen      total 37888K, used 5097K [0x00000000d5580000, 0x00000000d7f80000, 0x0000000100000000)
  eden space 32768K, 0% used [0x00000000d5580000,0x00000000d5580000,0x00000000d7580000)
  from space 5120K, 99% used [0x00000000d7a80000,0x00000000d7f7a630,0x00000000d7f80000)
  to   space 5120K, 0% used [0x00000000d7580000,0x00000000d7580000,0x00000000d7a80000)
 ParOldGen       total 86016K, used 4071K [0x0000000080000000, 0x0000000085400000, 0x00000000d5580000)
  object space 86016K, 4% used [0x0000000080000000,0x00000000803f9c30,0x0000000085400000)
 Metaspace       used 15340K, capacity 15832K, committed 16128K, reserved 1062912K
  class space    used 2046K, capacity 2222K, committed 2304K, reserved 1048576K
}
Event: 5.513 GC heap before
{Heap before GC invocations=5 (full 0):
 PSYoungGen      total 37888K, used 37865K [0x00000000d5580000, 0x00000000d7f80000, 0x0000000100000000)
  eden space 32768K, 100% used [0x00000000d5580000,0x00000000d7580000,0x00000000d7580000)
  from space 5120K, 99% used [0x00000000d7a80000,0x00000000d7f7a630,0x00000000d7f80000)
  to   space 5120K, 0% used [0x00000000d7580000,0x00000000d7580000,0x00000000d7a80000)
 ParOldGen       total 86016K, used 4071K [0x0000000080000000, 0x0000000085400000, 0x00000000d5580000)
  object space 86016K, 4% used [0x0000000080000000,0x00000000803f9c30,0x0000000085400000)
 Metaspace       used 18134K, capacity 18726K, committed 18816K, reserved 1064960K
  class space    used 2479K, capacity 2671K, committed 2688K, reserved 1048576K
Event: 5.527 GC heap after
Heap after GC invocations=5 (full 0):
 PSYoungGen      total 37888K, used 5113K [0x00000000d5580000, 0x00000000da980000, 0x0000000100000000)
  eden space 32768K, 0% used [0x00000000d5580000,0x00000000d5580000,0x00000000d7580000)
  from space 5120K, 99% used [0x00000000d7580000,0x00000000d7a7e620,0x00000000d7a80000)
  to   space 10240K, 0% used [0x00000000d9f80000,0x00000000d9f80000,0x00000000da980000)
 ParOldGen       total 86016K, used 7546K [0x0000000080000000, 0x0000000085400000, 0x00000000d5580000)
  object space 86016K, 8% used [0x0000000080000000,0x000000008075ea18,0x0000000085400000)
 Metaspace       used 18134K, capacity 18726K, committed 18816K, reserved 1064960K
  class space    used 2479K, capacity 2671K, committed 2688K, reserved 1048576K
}
Event: 6.985 GC heap before
{Heap before GC invocations=6 (full 0):
 PSYoungGen      total 37888K, used 36572K [0x00000000d5580000, 0x00000000da980000, 0x0000000100000000)
  eden space 32768K, 96% used [0x00000000d5580000,0x00000000d7438ac0,0x00000000d7580000)
  from space 5120K, 99% used [0x00000000d7580000,0x00000000d7a7e620,0x00000000d7a80000)
  to   space 10240K, 0% used [0x00000000d9f80000,0x00000000d9f80000,0x00000000da980000)
 ParOldGen       total 86016K, used 7546K [0x0000000080000000, 0x0000000085400000, 0x00000000d5580000)
  object space 86016K, 8% used [0x0000000080000000,0x000000008075ea18,0x0000000085400000)
 Metaspace       used 20527K, capacity 21232K, committed 21296K, reserved 1067008K
  class space    used 2876K, capacity 3098K, committed 3120K, reserved 1048576K
Event: 7.011 GC heap after
Heap after GC invocations=6 (full 0):
 PSYoungGen      total 74752K, used 8721K [0x00000000d5580000, 0x00000000dab80000, 0x0000000100000000)
  eden space 64512K, 0% used [0x00000000d5580000,0x00000000d5580000,0x00000000d9480000)
  from space 10240K, 85% used [0x00000000d9f80000,0x00000000da804430,0x00000000da980000)
  to   space 11264K, 0% used [0x00000000d9480000,0x00000000d9480000,0x00000000d9f80000)
 ParOldGen       total 86016K, used 7554K [0x0000000080000000, 0x0000000085400000, 0x00000000d5580000)
  object space 86016K, 8% used [0x0000000080000000,0x0000000080760a18,0x0000000085400000)
 Metaspace       used 20527K, capacity 21232K, committed 21296K, reserved 1067008K
  class space    used 2876K, capacity 3098K, committed 3120K, reserved 1048576K
}
Event: 7.011 GC heap before
{Heap before GC invocations=7 (full 1):
 PSYoungGen      total 74752K, used 8721K [0x00000000d5580000, 0x00000000dab80000, 0x0000000100000000)
  eden space 64512K, 0% used [0x00000000d5580000,0x00000000d5580000,0x00000000d9480000)
  from space 10240K, 85% used [0x00000000d9f80000,0x00000000da804430,0x00000000da980000)
  to   space 11264K, 0% used [0x00000000d9480000,0x00000000d9480000,0x00000000d9f80000)
 ParOldGen       total 86016K, used 7554K [0x0000000080000000, 0x0000000085400000, 0x00000000d5580000)
  object space 86016K, 8% used [0x0000000080000000,0x0000000080760a18,0x0000000085400000)
 Metaspace       used 20527K, capacity 21232K, committed 21296K, reserved 1067008K
  class space    used 2876K, capacity 3098K, committed 3120K, reserved 1048576K
Event: 7.062 GC heap after
Heap after GC invocations=7 (full 1):
 PSYoungGen      total 74752K, used 0K [0x00000000d5580000, 0x00000000dab80000, 0x0000000100000000)
  eden space 64512K, 0% used [0x00000000d5580000,0x00000000d5580000,0x00000000d9480000)
  from space 10240K, 0% used [0x00000000d9f80000,0x00000000d9f80000,0x00000000da980000)
  to   space 11264K, 0% used [0x00000000d9480000,0x00000000d9480000,0x00000000d9f80000)
 ParOldGen       total 57856K, used 9560K [0x0000000080000000, 0x0000000083880000, 0x00000000d5580000)
  object space 57856K, 16% used [0x0000000080000000,0x0000000080956128,0x0000000083880000)
 Metaspace       used 20527K, capacity 21232K, committed 21296K, reserved 1067008K
  class space    used 2876K, capacity 3098K, committed 3120K, reserved 1048576K
}
Event: 8.046 GC heap before
{Heap before GC invocations=8 (full 1):
 PSYoungGen      total 74752K, used 64512K [0x00000000d5580000, 0x00000000dab80000, 0x0000000100000000)
  eden space 64512K, 100% used [0x00000000d5580000,0x00000000d9480000,0x00000000d9480000)
  from space 10240K, 0% used [0x00000000d9f80000,0x00000000d9f80000,0x00000000da980000)
  to   space 11264K, 0% used [0x00000000d9480000,0x00000000d9480000,0x00000000d9f80000)
 ParOldGen       total 57856K, used 9560K [0x0000000080000000, 0x0000000083880000, 0x00000000d5580000)
  object space 57856K, 16% used [0x0000000080000000,0x0000000080956128,0x0000000083880000)
 Metaspace       used 28094K, capacity 28882K, committed 29232K, reserved 1075200K
  class space    used 3871K, capacity 4108K, committed 4144K, reserved 1048576K
Event: 8.054 GC heap after
Heap after GC invocations=8 (full 1):
 PSYoungGen      total 75776K, used 7833K [0x00000000d5580000, 0x00000000dd280000, 0x0000000100000000)
  eden space 64512K, 0% used [0x00000000d5580000,0x00000000d5580000,0x00000000d9480000)
  from space 11264K, 69% used [0x00000000d9480000,0x00000000d9c267e8,0x00000000d9f80000)
  to   space 11264K, 0% used [0x00000000dc780000,0x00000000dc780000,0x00000000dd280000)
 ParOldGen       total 57856K, used 9568K [0x0000000080000000, 0x0000000083880000, 0x00000000d5580000)
  object space 57856K, 16% used [0x0000000080000000,0x0000000080958128,0x0000000083880000)
 Metaspace       used 28094K, capacity 28882K, committed 29232K, reserved 1075200K
  class space    used 3871K, capacity 4108K, committed 4144K, reserved 1048576K
}

